2014-10-02 16:49:53,390 ERROR [main] - org.scala-ide.sdt.core - org.scala-ide.sdt.core - org.scala-ide.sdt.core - 0 - Error during instrumentation of ScriptCompilationUnit(L/progfun/src/week1/session.sc)
org.scalaide.worksheet.runtime.MissingTopLevelObjectDeclaration: Couldn't find top level object declaration in source session.sc
	at org.scalaide.worksheet.runtime.SourceInstrumenter.instrumentProgram(SourceInstrumenter.scala:33)
	at org.scalaide.worksheet.runtime.SourceInstrumenter.instrument(SourceInstrumenter.scala:20)
	at org.scalaide.worksheet.runtime.WorksheetRunner$$anonfun$act$1$$anonfun$apply$1.applyOrElse(WorksheetRunner.scala:58)
	at scala.runtime.AbstractPartialFunction.apply(AbstractPartialFunction.scala:36)
	at scala.actors.ReactorTask.run(ReactorTask.scala:31)
	at scala.actors.Reactor$class.resumeReceiver(Reactor.scala:130)
	at org.scalaide.worksheet.runtime.WorksheetRunner.scala$actors$InternalReplyReactor$$super$resumeReceiver(WorksheetRunner.scala:33)
	at scala.actors.InternalReplyReactor$class.resumeReceiver(InternalReplyReactor.scala:60)
	at org.scalaide.worksheet.runtime.WorksheetRunner.resumeReceiver(WorksheetRunner.scala:33)
	at scala.actors.InternalActor$class.searchMailbox(InternalActor.scala:76)
	at org.scalaide.worksheet.runtime.WorksheetRunner.searchMailbox(WorksheetRunner.scala:33)
	at scala.actors.Reactor$$anonfun$startSearch$1$$anonfun$apply$mcV$sp$1.apply$mcV$sp(Reactor.scala:118)
	at scala.actors.Reactor$$anonfun$startSearch$1$$anonfun$apply$mcV$sp$1.apply(Reactor.scala:115)
	at scala.actors.Reactor$$anonfun$startSearch$1$$anonfun$apply$mcV$sp$1.apply(Reactor.scala:115)
	at scala.actors.ReactorTask.run(ReactorTask.scala:33)
	at scala.actors.ReactorTask.compute(ReactorTask.scala:63)
	at scala.concurrent.forkjoin.RecursiveAction.exec(RecursiveAction.java:160)
	at scala.concurrent.forkjoin.ForkJoinTask.doExec(ForkJoinTask.java:260)
	at scala.concurrent.forkjoin.ForkJoinPool$WorkQueue.runTask(ForkJoinPool.java:1339)
	at scala.concurrent.forkjoin.ForkJoinPool.runWorker(ForkJoinPool.java:1979)
	at scala.concurrent.forkjoin.ForkJoinWorkerThread.run(ForkJoinWorkerThread.java:107)
2014-12-04 21:50:47,393 ERROR [Worker-3] - System.err - SLF4J: Failed to load class "org.slf4j.impl.StaticLoggerBinder".
2014-12-04 21:50:47,407 ERROR [Worker-3] - System.err - SLF4J: Defaulting to no-operation (NOP) logger implementation
2014-12-04 21:50:47,407 ERROR [Worker-3] - System.err - SLF4J: See http://www.slf4j.org/codes.html#StaticLoggerBinder for further details.
2014-12-04 22:34:30,814  WARN [main] - org.scala-ide.sdt.core - org.scala-ide.sdt.core - org.scala-ide.sdt.core - 0 - ProgramExecutor actor </home/vipul/progfun-workspace/HelloWorld/src/greeter/Sample.sc> self-healing...
java.lang.NullPointerException
	at org.scalaide.worksheet.editor.ScriptEditor$DefaultEditorProxy.org$scalaide$worksheet$editor$ScriptEditor$DefaultEditorProxy$$doc(ScriptEditor.scala:72)
	at org.scalaide.worksheet.editor.ScriptEditor$DefaultEditorProxy.getContents(ScriptEditor.scala:74)
	at org.scalaide.worksheet.runtime.IncrementalDocumentMixer.<init>(IncrementalDocumentMixer.scala:30)
	at org.scalaide.worksheet.runtime.IncrementalDocumentMixer$.apply(IncrementalDocumentMixer.scala:16)
	at org.scalaide.worksheet.runtime.ProgramExecutor$$anonfun$act$1$$anonfun$apply$2.applyOrElse(ProgramExecutor.scala:167)
	at scala.runtime.AbstractPartialFunction.apply(AbstractPartialFunction.scala:36)
	at scala.actors.ReactorTask.run(ReactorTask.scala:31)
	at scala.actors.Reactor$class.resumeReceiver(Reactor.scala:130)
	at org.scalaide.worksheet.runtime.ProgramExecutor.scala$actors$InternalReplyReactor$$super$resumeReceiver(ProgramExecutor.scala:100)
	at scala.actors.InternalReplyReactor$class.resumeReceiver(InternalReplyReactor.scala:60)
	at org.scalaide.worksheet.runtime.ProgramExecutor.resumeReceiver(ProgramExecutor.scala:100)
	at scala.actors.InternalActor$class.searchMailbox(InternalActor.scala:76)
	at org.scalaide.worksheet.runtime.ProgramExecutor.searchMailbox(ProgramExecutor.scala:100)
	at scala.actors.Reactor$$anonfun$startSearch$1$$anonfun$apply$mcV$sp$1.apply$mcV$sp(Reactor.scala:118)
	at scala.actors.Reactor$$anonfun$startSearch$1$$anonfun$apply$mcV$sp$1.apply(Reactor.scala:115)
	at scala.actors.Reactor$$anonfun$startSearch$1$$anonfun$apply$mcV$sp$1.apply(Reactor.scala:115)
	at scala.actors.ReactorTask.run(ReactorTask.scala:33)
	at scala.actors.ReactorTask.compute(ReactorTask.scala:63)
	at scala.concurrent.forkjoin.RecursiveAction.exec(RecursiveAction.java:160)
	at scala.concurrent.forkjoin.ForkJoinTask.doExec(ForkJoinTask.java:260)
	at scala.concurrent.forkjoin.ForkJoinPool$WorkQueue.runTask(ForkJoinPool.java:1339)
	at scala.concurrent.forkjoin.ForkJoinPool.runWorker(ForkJoinPool.java:1979)
	at scala.concurrent.forkjoin.ForkJoinWorkerThread.run(ForkJoinWorkerThread.java:107)
2014-12-04 22:37:26,080  WARN [main] - ImplicitHighlightingPresenter - Timeout while waiting for `askLoadedTyped` during implicit highlighting.
2015-02-02 21:42:34,710 ERROR [Worker-7] - System.err - SLF4J: Failed to load class "org.slf4j.impl.StaticLoggerBinder".
2015-02-02 21:42:34,729 ERROR [Worker-7] - System.err - SLF4J: Defaulting to no-operation (NOP) logger implementation
2015-02-02 21:42:34,729 ERROR [Worker-7] - System.err - SLF4J: See http://www.slf4j.org/codes.html#StaticLoggerBinder for further details.
2015-04-03 21:04:45,928 ERROR [Worker-0] - System.err - SLF4J: Failed to load class "org.slf4j.impl.StaticLoggerBinder".
2015-04-03 21:04:45,941 ERROR [Worker-0] - System.err - SLF4J: Defaulting to no-operation (NOP) logger implementation
2015-04-03 21:04:45,941 ERROR [Worker-0] - System.err - SLF4J: See http://www.slf4j.org/codes.html#StaticLoggerBinder for further details.
2015-04-04 13:27:07,761 ERROR [Worker-4] - System.err - SLF4J: Failed to load class "org.slf4j.impl.StaticLoggerBinder".
2015-04-04 13:27:07,791 ERROR [Worker-4] - System.err - SLF4J: Defaulting to no-operation (NOP) logger implementation
2015-04-04 13:27:07,791 ERROR [Worker-4] - System.err - SLF4J: See http://www.slf4j.org/codes.html#StaticLoggerBinder for further details.
2015-04-11 10:58:20,989 ERROR [Worker-1] - System.err - SLF4J: Failed to load class "org.slf4j.impl.StaticLoggerBinder".
2015-04-11 10:58:21,011 ERROR [Worker-1] - System.err - SLF4J: Defaulting to no-operation (NOP) logger implementation
2015-04-11 10:58:21,011 ERROR [Worker-1] - System.err - SLF4J: See http://www.slf4j.org/codes.html#StaticLoggerBinder for further details.
2015-04-11 11:41:28,143 ERROR [Worker-1] - System.err - SLF4J: Failed to load class "org.slf4j.impl.StaticLoggerBinder".
2015-04-11 11:41:28,144 ERROR [Worker-1] - System.err - SLF4J: Defaulting to no-operation (NOP) logger implementation
2015-04-11 11:41:28,144 ERROR [Worker-1] - System.err - SLF4J: See http://www.slf4j.org/codes.html#StaticLoggerBinder for further details.
2015-04-11 11:55:09,550 ERROR [Worker-2] - System.err - SLF4J: Failed to load class "org.slf4j.impl.StaticLoggerBinder".
2015-04-11 11:55:09,551 ERROR [Worker-2] - System.err - SLF4J: Defaulting to no-operation (NOP) logger implementation
2015-04-11 11:55:09,551 ERROR [Worker-2] - System.err - SLF4J: See http://www.slf4j.org/codes.html#StaticLoggerBinder for further details.
2015-05-01 13:18:21,630 ERROR [Worker-3] - System.err - SLF4J: Failed to load class "org.slf4j.impl.StaticLoggerBinder".
2015-05-01 13:18:21,659 ERROR [Worker-3] - System.err - SLF4J: Defaulting to no-operation (NOP) logger implementation
2015-05-01 13:18:21,659 ERROR [Worker-3] - System.err - SLF4J: See http://www.slf4j.org/codes.html#StaticLoggerBinder for further details.
